CRITICAL - 2020-11-09 01:21:11 --> Invalid file: situbondo.php
#0 C:\xampp\htdocs\smartcity\system\View\View.php(225): CodeIgniter\Exceptions\FrameworkException::forInvalidFile('situbondo.php')
#1 C:\xampp\htdocs\smartcity\system\Common.php(1217): CodeIgniter\View\View->render('situbondo', Array, true)
#2 C:\xampp\htdocs\smartcity\app\Controllers\Home.php(24): view('situbondo', Array)
#3 C:\xampp\htdocs\smartcity\system\CodeIgniter.php(964): App\Controllers\Home->index()
#4 C:\xampp\htdocs\smartcity\system\CodeIgniter.php(449): CodeIgniter\CodeIgniter->runController(Object(App\Controllers\Home))
#5 C:\xampp\htdocs\smartcity\system\CodeIgniter.php(357): CodeIgniter\CodeIgniter->handleRequest(NULL, Object(Config\Cache), false)
#6 C:\xampp\htdocs\smartcity\public\index.php(45): CodeIgniter\CodeIgniter->run()
#7 C:\xampp\htdocs\smartcity\system\Commands\Server\rewrite.php(35): require_once('C:\\xampp\\htdocs...')
#8 {main}
CRITICAL - 2020-11-09 01:21:17 --> Invalid file: situbondo.php
#0 C:\xampp\htdocs\smartcity\system\View\View.php(225): CodeIgniter\Exceptions\FrameworkException::forInvalidFile('situbondo.php')
#1 C:\xampp\htdocs\smartcity\system\Common.php(1217): CodeIgniter\View\View->render('situbondo', Array, true)
#2 C:\xampp\htdocs\smartcity\app\Controllers\Home.php(24): view('situbondo', Array)
#3 C:\xampp\htdocs\smartcity\system\CodeIgniter.php(964): App\Controllers\Home->index()
#4 C:\xampp\htdocs\smartcity\system\CodeIgniter.php(449): CodeIgniter\CodeIgniter->runController(Object(App\Controllers\Home))
#5 C:\xampp\htdocs\smartcity\system\CodeIgniter.php(357): CodeIgniter\CodeIgniter->handleRequest(NULL, Object(Config\Cache), false)
#6 C:\xampp\htdocs\smartcity\public\index.php(45): CodeIgniter\CodeIgniter->run()
#7 C:\xampp\htdocs\smartcity\system\Commands\Server\rewrite.php(35): require_once('C:\\xampp\\htdocs...')
#8 {main}
CRITICAL - 2020-11-09 01:27:29 --> Invalid file: situbondo.php
#0 C:\xampp\htdocs\smartcity\system\View\View.php(225): CodeIgniter\Exceptions\FrameworkException::forInvalidFile('situbondo.php')
#1 C:\xampp\htdocs\smartcity\system\Common.php(1217): CodeIgniter\View\View->render('situbondo', Array, true)
#2 C:\xampp\htdocs\smartcity\app\Controllers\Home.php(24): view('situbondo', Array)
#3 C:\xampp\htdocs\smartcity\system\CodeIgniter.php(964): App\Controllers\Home->index()
#4 C:\xampp\htdocs\smartcity\system\CodeIgniter.php(449): CodeIgniter\CodeIgniter->runController(Object(App\Controllers\Home))
#5 C:\xampp\htdocs\smartcity\system\CodeIgniter.php(357): CodeIgniter\CodeIgniter->handleRequest(NULL, Object(Config\Cache), false)
#6 C:\xampp\htdocs\smartcity\public\index.php(45): CodeIgniter\CodeIgniter->run()
#7 C:\xampp\htdocs\smartcity\system\Commands\Server\rewrite.php(35): require_once('C:\\xampp\\htdocs...')
#8 {main}
ERROR - 2020-11-09 19:38:19 --> mysqli_sql_exception: Not unique table/alias: 'modal' in C:\xampp\htdocs\smartcity\system\Database\MySQLi\Connection.php:331
Stack trace:
#0 C:\xampp\htdocs\smartcity\system\Database\MySQLi\Connection.php(331): mysqli->query('SELECT *\nFROM `...')
#1 C:\xampp\htdocs\smartcity\system\Database\BaseConnection.php(724): CodeIgniter\Database\MySQLi\Connection->execute('SELECT *\nFROM `...')
#2 C:\xampp\htdocs\smartcity\system\Database\BaseConnection.php(652): CodeIgniter\Database\BaseConnection->simpleQuery('SELECT *\nFROM `...')
#3 C:\xampp\htdocs\smartcity\system\Database\BaseBuilder.php(1871): CodeIgniter\Database\BaseConnection->query('SELECT *\nFROM `...', Array, false)
#4 C:\xampp\htdocs\smartcity\app\Models\Modeluser.php(19): CodeIgniter\Database\BaseBuilder->get()
#5 C:\xampp\htdocs\smartcity\app\Controllers\User.php(20): App\Models\Modeluser->getSiswa()
#6 C:\xampp\htdocs\smartcity\system\CodeIgniter.php(964): App\Controllers\User->index()
#7 C:\xampp\htdocs\smartcity\system\CodeIgniter.php(449): CodeIgniter\CodeIgniter->runController(Object(App\Controllers\User))
#8 C:\xampp\htdocs\smartcity\system\CodeIgniter.php(357): CodeIgniter\CodeIgniter->handleRequest(NULL, Object(Config\Cache), false)
#9 C:\xampp\htdocs\smartcity\public\index.php(45): CodeIgniter\CodeIgniter->run()
#10 C:\xampp\htdocs\smartcity\system\Commands\Server\rewrite.php(35): require_once('C:\\xampp\\htdocs...')
#11 {main}
CRITICAL - 2020-11-09 19:43:11 --> Invalid argument supplied for foreach()
#0 C:\xampp\htdocs\smartcity\app\Views\portal.php(45): CodeIgniter\Debug\Exceptions->errorHandler(2, 'Invalid argumen...', 'C:\\xampp\\htdocs...', 45, Array)
#1 C:\xampp\htdocs\smartcity\system\View\View.php(241): include('C:\\xampp\\htdocs...')
#2 C:\xampp\htdocs\smartcity\system\Common.php(1217): CodeIgniter\View\View->render('portal', Array, true)
#3 C:\xampp\htdocs\smartcity\app\Controllers\User.php(22): view('portal', Array)
#4 C:\xampp\htdocs\smartcity\system\CodeIgniter.php(964): App\Controllers\User->index()
#5 C:\xampp\htdocs\smartcity\system\CodeIgniter.php(449): CodeIgniter\CodeIgniter->runController(Object(App\Controllers\User))
#6 C:\xampp\htdocs\smartcity\system\CodeIgniter.php(357): CodeIgniter\CodeIgniter->handleRequest(NULL, Object(Config\Cache), false)
#7 C:\xampp\htdocs\smartcity\public\index.php(45): CodeIgniter\CodeIgniter->run()
#8 C:\xampp\htdocs\smartcity\system\Commands\Server\rewrite.php(35): require_once('C:\\xampp\\htdocs...')
#9 {main}
CRITICAL - 2020-11-09 19:43:22 --> Invalid argument supplied for foreach()
#0 C:\xampp\htdocs\smartcity\app\Views\portal.php(45): CodeIgniter\Debug\Exceptions->errorHandler(2, 'Invalid argumen...', 'C:\\xampp\\htdocs...', 45, Array)
#1 C:\xampp\htdocs\smartcity\system\View\View.php(241): include('C:\\xampp\\htdocs...')
#2 C:\xampp\htdocs\smartcity\system\Common.php(1217): CodeIgniter\View\View->render('portal', Array, true)
#3 C:\xampp\htdocs\smartcity\app\Controllers\User.php(22): view('portal', Array)
#4 C:\xampp\htdocs\smartcity\system\CodeIgniter.php(964): App\Controllers\User->index()
#5 C:\xampp\htdocs\smartcity\system\CodeIgniter.php(449): CodeIgniter\CodeIgniter->runController(Object(App\Controllers\User))
#6 C:\xampp\htdocs\smartcity\system\CodeIgniter.php(357): CodeIgniter\CodeIgniter->handleRequest(NULL, Object(Config\Cache), false)
#7 C:\xampp\htdocs\smartcity\public\index.php(45): CodeIgniter\CodeIgniter->run()
#8 C:\xampp\htdocs\smartcity\system\Commands\Server\rewrite.php(35): require_once('C:\\xampp\\htdocs...')
#9 {main}
ERROR - 2020-11-09 19:48:38 --> mysqli_sql_exception: Cannot add or update a child row: a foreign key constraint fails (`smartcity`.`modal`, CONSTRAINT `modal_ibfk_1` FOREIGN KEY (`id_kategori`) REFERENCES `kategori` (`id_kategori`)) in C:\xampp\htdocs\smartcity\system\Database\MySQLi\Connection.php:331
Stack trace:
#0 C:\xampp\htdocs\smartcity\system\Database\MySQLi\Connection.php(331): mysqli->query('INSERT INTO `mo...')
#1 C:\xampp\htdocs\smartcity\system\Database\BaseConnection.php(724): CodeIgniter\Database\MySQLi\Connection->execute('INSERT INTO `mo...')
#2 C:\xampp\htdocs\smartcity\system\Database\BaseConnection.php(652): CodeIgniter\Database\BaseConnection->simpleQuery('INSERT INTO `mo...')
#3 C:\xampp\htdocs\smartcity\system\Database\BaseBuilder.php(2268): CodeIgniter\Database\BaseConnection->query('INSERT INTO `mo...', Array, false)
#4 C:\xampp\htdocs\smartcity\app\Models\Modelmodal.php(14): CodeIgniter\Database\BaseBuilder->insert(Array)
#5 C:\xampp\htdocs\smartcity\app\Controllers\Modal.php(50): App\Models\Modelmodal->SimpanModal(Array)
#6 C:\xampp\htdocs\smartcity\system\CodeIgniter.php(964): App\Controllers\Modal->simpan()
#7 C:\xampp\htdocs\smartcity\system\CodeIgniter.php(449): CodeIgniter\CodeIgniter->runController(Object(App\Controllers\Modal))
#8 C:\xampp\htdocs\smartcity\system\CodeIgniter.php(357): CodeIgniter\CodeIgniter->handleRequest(NULL, Object(Config\Cache), false)
#9 C:\xampp\htdocs\smartcity\public\index.php(45): CodeIgniter\CodeIgniter->run()
#10 C:\xampp\htdocs\smartcity\system\Commands\Server\rewrite.php(35): require_once('C:\\xampp\\htdocs...')
#11 {main}
ERROR - 2020-11-09 19:49:13 --> mysqli_sql_exception: Cannot add or update a child row: a foreign key constraint fails (`smartcity`.`modal`, CONSTRAINT `modal_ibfk_1` FOREIGN KEY (`id_kategori`) REFERENCES `kategori` (`id_kategori`)) in C:\xampp\htdocs\smartcity\system\Database\MySQLi\Connection.php:331
Stack trace:
#0 C:\xampp\htdocs\smartcity\system\Database\MySQLi\Connection.php(331): mysqli->query('INSERT INTO `mo...')
#1 C:\xampp\htdocs\smartcity\system\Database\BaseConnection.php(724): CodeIgniter\Database\MySQLi\Connection->execute('INSERT INTO `mo...')
#2 C:\xampp\htdocs\smartcity\system\Database\BaseConnection.php(652): CodeIgniter\Database\BaseConnection->simpleQuery('INSERT INTO `mo...')
#3 C:\xampp\htdocs\smartcity\system\Database\BaseBuilder.php(2268): CodeIgniter\Database\BaseConnection->query('INSERT INTO `mo...', Array, false)
#4 C:\xampp\htdocs\smartcity\app\Models\Modelmodal.php(14): CodeIgniter\Database\BaseBuilder->insert(Array)
#5 C:\xampp\htdocs\smartcity\app\Controllers\Modal.php(50): App\Models\Modelmodal->SimpanModal(Array)
#6 C:\xampp\htdocs\smartcity\system\CodeIgniter.php(964): App\Controllers\Modal->simpan()
#7 C:\xampp\htdocs\smartcity\system\CodeIgniter.php(449): CodeIgniter\CodeIgniter->runController(Object(App\Controllers\Modal))
#8 C:\xampp\htdocs\smartcity\system\CodeIgniter.php(357): CodeIgniter\CodeIgniter->handleRequest(NULL, Object(Config\Cache), false)
#9 C:\xampp\htdocs\smartcity\public\index.php(45): CodeIgniter\CodeIgniter->run()
#10 C:\xampp\htdocs\smartcity\system\Commands\Server\rewrite.php(35): require_once('C:\\xampp\\htdocs...')
#11 {main}
ERROR - 2020-11-09 19:50:32 --> mysqli_sql_exception: Cannot add or update a child row: a foreign key constraint fails (`smartcity`.`modal`, CONSTRAINT `modal_ibfk_1` FOREIGN KEY (`id_kategori`) REFERENCES `kategori` (`id_kategori`)) in C:\xampp\htdocs\smartcity\system\Database\MySQLi\Connection.php:331
Stack trace:
#0 C:\xampp\htdocs\smartcity\system\Database\MySQLi\Connection.php(331): mysqli->query('INSERT INTO `mo...')
#1 C:\xampp\htdocs\smartcity\system\Database\BaseConnection.php(724): CodeIgniter\Database\MySQLi\Connection->execute('INSERT INTO `mo...')
#2 C:\xampp\htdocs\smartcity\system\Database\BaseConnection.php(652): CodeIgniter\Database\BaseConnection->simpleQuery('INSERT INTO `mo...')
#3 C:\xampp\htdocs\smartcity\system\Database\BaseBuilder.php(2268): CodeIgniter\Database\BaseConnection->query('INSERT INTO `mo...', Array, false)
#4 C:\xampp\htdocs\smartcity\app\Models\Modelmodal.php(14): CodeIgniter\Database\BaseBuilder->insert(Array)
#5 C:\xampp\htdocs\smartcity\app\Controllers\Modal.php(50): App\Models\Modelmodal->SimpanModal(Array)
#6 C:\xampp\htdocs\smartcity\system\CodeIgniter.php(964): App\Controllers\Modal->simpan()
#7 C:\xampp\htdocs\smartcity\system\CodeIgniter.php(449): CodeIgniter\CodeIgniter->runController(Object(App\Controllers\Modal))
#8 C:\xampp\htdocs\smartcity\system\CodeIgniter.php(357): CodeIgniter\CodeIgniter->handleRequest(NULL, Object(Config\Cache), false)
#9 C:\xampp\htdocs\smartcity\public\index.php(45): CodeIgniter\CodeIgniter->run()
#10 C:\xampp\htdocs\smartcity\system\Commands\Server\rewrite.php(35): require_once('C:\\xampp\\htdocs...')
#11 {main}
ERROR - 2020-11-09 19:53:23 --> mysqli_sql_exception: Cannot add or update a child row: a foreign key constraint fails (`smartcity`.`modal`, CONSTRAINT `modal_ibfk_1` FOREIGN KEY (`id_kategori`) REFERENCES `kategori` (`id_kategori`)) in C:\xampp\htdocs\smartcity\system\Database\MySQLi\Connection.php:331
Stack trace:
#0 C:\xampp\htdocs\smartcity\system\Database\MySQLi\Connection.php(331): mysqli->query('INSERT INTO `mo...')
#1 C:\xampp\htdocs\smartcity\system\Database\BaseConnection.php(724): CodeIgniter\Database\MySQLi\Connection->execute('INSERT INTO `mo...')
#2 C:\xampp\htdocs\smartcity\system\Database\BaseConnection.php(652): CodeIgniter\Database\BaseConnection->simpleQuery('INSERT INTO `mo...')
#3 C:\xampp\htdocs\smartcity\system\Database\BaseBuilder.php(2268): CodeIgniter\Database\BaseConnection->query('INSERT INTO `mo...', Array, false)
#4 C:\xampp\htdocs\smartcity\app\Models\Modelmodal.php(14): CodeIgniter\Database\BaseBuilder->insert(Array)
#5 C:\xampp\htdocs\smartcity\app\Controllers\Modal.php(50): App\Models\Modelmodal->SimpanModal(Array)
#6 C:\xampp\htdocs\smartcity\system\CodeIgniter.php(964): App\Controllers\Modal->simpan()
#7 C:\xampp\htdocs\smartcity\system\CodeIgniter.php(449): CodeIgniter\CodeIgniter->runController(Object(App\Controllers\Modal))
#8 C:\xampp\htdocs\smartcity\system\CodeIgniter.php(357): CodeIgniter\CodeIgniter->handleRequest(NULL, Object(Config\Cache), false)
#9 C:\xampp\htdocs\smartcity\public\index.php(45): CodeIgniter\CodeIgniter->run()
#10 C:\xampp\htdocs\smartcity\system\Commands\Server\rewrite.php(35): require_once('C:\\xampp\\htdocs...')
#11 {main}
CRITICAL - 2020-11-09 19:56:32 --> Invalid file: situbondo.php
#0 C:\xampp\htdocs\smartcity\system\View\View.php(225): CodeIgniter\Exceptions\FrameworkException::forInvalidFile('situbondo.php')
#1 C:\xampp\htdocs\smartcity\system\Common.php(1217): CodeIgniter\View\View->render('situbondo', Array, true)
#2 C:\xampp\htdocs\smartcity\app\Controllers\Home.php(24): view('situbondo', Array)
#3 C:\xampp\htdocs\smartcity\system\CodeIgniter.php(964): App\Controllers\Home->index()
#4 C:\xampp\htdocs\smartcity\system\CodeIgniter.php(449): CodeIgniter\CodeIgniter->runController(Object(App\Controllers\Home))
#5 C:\xampp\htdocs\smartcity\system\CodeIgniter.php(357): CodeIgniter\CodeIgniter->handleRequest(NULL, Object(Config\Cache), false)
#6 C:\xampp\htdocs\smartcity\public\index.php(45): CodeIgniter\CodeIgniter->run()
#7 C:\xampp\htdocs\smartcity\system\Commands\Server\rewrite.php(35): require_once('C:\\xampp\\htdocs...')
#8 {main}
ERROR - 2020-11-09 20:16:38 --> mysqli_sql_exception: Not unique table/alias: 'kategori' in C:\xampp\htdocs\smartcity\system\Database\MySQLi\Connection.php:331
Stack trace:
#0 C:\xampp\htdocs\smartcity\system\Database\MySQLi\Connection.php(331): mysqli->query('SELECT *\nFROM `...')
#1 C:\xampp\htdocs\smartcity\system\Database\BaseConnection.php(724): CodeIgniter\Database\MySQLi\Connection->execute('SELECT *\nFROM `...')
#2 C:\xampp\htdocs\smartcity\system\Database\BaseConnection.php(652): CodeIgniter\Database\BaseConnection->simpleQuery('SELECT *\nFROM `...')
#3 C:\xampp\htdocs\smartcity\system\Database\BaseBuilder.php(1871): CodeIgniter\Database\BaseConnection->query('SELECT *\nFROM `...', Array, false)
#4 C:\xampp\htdocs\smartcity\app\Models\Modeluser.php(20): CodeIgniter\Database\BaseBuilder->get()
#5 C:\xampp\htdocs\smartcity\app\Controllers\User.php(21): App\Models\Modeluser->getSiswa()
#6 C:\xampp\htdocs\smartcity\system\CodeIgniter.php(964): App\Controllers\User->index()
#7 C:\xampp\htdocs\smartcity\system\CodeIgniter.php(449): CodeIgniter\CodeIgniter->runController(Object(App\Controllers\User))
#8 C:\xampp\htdocs\smartcity\system\CodeIgniter.php(357): CodeIgniter\CodeIgniter->handleRequest(NULL, Object(Config\Cache), false)
#9 C:\xampp\htdocs\smartcity\public\index.php(45): CodeIgniter\CodeIgniter->run()
#10 C:\xampp\htdocs\smartcity\system\Commands\Server\rewrite.php(35): require_once('C:\\xampp\\htdocs...')
#11 {main}
ERROR - 2020-11-09 20:37:06 --> mysqli_sql_exception: Column 'judul_kategori' cannot be null in C:\xampp\htdocs\smartcity\system\Database\MySQLi\Connection.php:331
Stack trace:
#0 C:\xampp\htdocs\smartcity\system\Database\MySQLi\Connection.php(331): mysqli->query('INSERT INTO `mo...')
#1 C:\xampp\htdocs\smartcity\system\Database\BaseConnection.php(724): CodeIgniter\Database\MySQLi\Connection->execute('INSERT INTO `mo...')
#2 C:\xampp\htdocs\smartcity\system\Database\BaseConnection.php(652): CodeIgniter\Database\BaseConnection->simpleQuery('INSERT INTO `mo...')
#3 C:\xampp\htdocs\smartcity\system\Database\BaseBuilder.php(2268): CodeIgniter\Database\BaseConnection->query('INSERT INTO `mo...', Array, false)
#4 C:\xampp\htdocs\smartcity\app\Models\Modelmodal.php(14): CodeIgniter\Database\BaseBuilder->insert(Array)
#5 C:\xampp\htdocs\smartcity\app\Controllers\Modal.php(53): App\Models\Modelmodal->SimpanModal(Array)
#6 C:\xampp\htdocs\smartcity\system\CodeIgniter.php(964): App\Controllers\Modal->simpan()
#7 C:\xampp\htdocs\smartcity\system\CodeIgniter.php(449): CodeIgniter\CodeIgniter->runController(Object(App\Controllers\Modal))
#8 C:\xampp\htdocs\smartcity\system\CodeIgniter.php(357): CodeIgniter\CodeIgniter->handleRequest(NULL, Object(Config\Cache), false)
#9 C:\xampp\htdocs\smartcity\public\index.php(45): CodeIgniter\CodeIgniter->run()
#10 C:\xampp\htdocs\smartcity\system\Commands\Server\rewrite.php(35): require_once('C:\\xampp\\htdocs...')
#11 {main}
CRITICAL - 2020-11-09 20:38:24 --> Invalid file: situbondo.php
#0 C:\xampp\htdocs\smartcity\system\View\View.php(225): CodeIgniter\Exceptions\FrameworkException::forInvalidFile('situbondo.php')
#1 C:\xampp\htdocs\smartcity\system\Common.php(1217): CodeIgniter\View\View->render('situbondo', Array, true)
#2 C:\xampp\htdocs\smartcity\app\Controllers\Home.php(24): view('situbondo', Array)
#3 C:\xampp\htdocs\smartcity\system\CodeIgniter.php(964): App\Controllers\Home->index()
#4 C:\xampp\htdocs\smartcity\system\CodeIgniter.php(449): CodeIgniter\CodeIgniter->runController(Object(App\Controllers\Home))
#5 C:\xampp\htdocs\smartcity\system\CodeIgniter.php(357): CodeIgniter\CodeIgniter->handleRequest(NULL, Object(Config\Cache), false)
#6 C:\xampp\htdocs\smartcity\public\index.php(45): CodeIgniter\CodeIgniter->run()
#7 C:\xampp\htdocs\smartcity\system\Commands\Server\rewrite.php(35): require_once('C:\\xampp\\htdocs...')
#8 {main}
ERROR - 2020-11-09 20:38:28 --> mysqli_sql_exception: Not unique table/alias: 'kategori' in C:\xampp\htdocs\smartcity\system\Database\MySQLi\Connection.php:331
Stack trace:
#0 C:\xampp\htdocs\smartcity\system\Database\MySQLi\Connection.php(331): mysqli->query('SELECT *\nFROM `...')
#1 C:\xampp\htdocs\smartcity\system\Database\BaseConnection.php(724): CodeIgniter\Database\MySQLi\Connection->execute('SELECT *\nFROM `...')
#2 C:\xampp\htdocs\smartcity\system\Database\BaseConnection.php(652): CodeIgniter\Database\BaseConnection->simpleQuery('SELECT *\nFROM `...')
#3 C:\xampp\htdocs\smartcity\system\Database\BaseBuilder.php(1871): CodeIgniter\Database\BaseConnection->query('SELECT *\nFROM `...', Array, false)
#4 C:\xampp\htdocs\smartcity\app\Models\Modeluser.php(20): CodeIgniter\Database\BaseBuilder->get()
#5 C:\xampp\htdocs\smartcity\app\Controllers\User.php(21): App\Models\Modeluser->getSiswa()
#6 C:\xampp\htdocs\smartcity\system\CodeIgniter.php(964): App\Controllers\User->index()
#7 C:\xampp\htdocs\smartcity\system\CodeIgniter.php(449): CodeIgniter\CodeIgniter->runController(Object(App\Controllers\User))
#8 C:\xampp\htdocs\smartcity\system\CodeIgniter.php(357): CodeIgniter\CodeIgniter->handleRequest(NULL, Object(Config\Cache), false)
#9 C:\xampp\htdocs\smartcity\public\index.php(45): CodeIgniter\CodeIgniter->run()
#10 C:\xampp\htdocs\smartcity\system\Commands\Server\rewrite.php(35): require_once('C:\\xampp\\htdocs...')
#11 {main}
CRITICAL - 2020-11-09 20:38:28 --> Invalid argument supplied for foreach()
#0 C:\xampp\htdocs\smartcity\app\Views\portal.php(45): CodeIgniter\Debug\Exceptions->errorHandler(2, 'Invalid argumen...', 'C:\\xampp\\htdocs...', 45, Array)
#1 C:\xampp\htdocs\smartcity\system\View\View.php(241): include('C:\\xampp\\htdocs...')
#2 C:\xampp\htdocs\smartcity\system\Common.php(1217): CodeIgniter\View\View->render('portal', Array, true)
#3 C:\xampp\htdocs\smartcity\app\Controllers\User.php(22): view('portal', Array)
#4 C:\xampp\htdocs\smartcity\system\CodeIgniter.php(964): App\Controllers\User->index()
#5 C:\xampp\htdocs\smartcity\system\CodeIgniter.php(449): CodeIgniter\CodeIgniter->runController(Object(App\Controllers\User))
#6 C:\xampp\htdocs\smartcity\system\CodeIgniter.php(357): CodeIgniter\CodeIgniter->handleRequest(NULL, Object(Config\Cache), false)
#7 C:\xampp\htdocs\smartcity\public\index.php(45): CodeIgniter\CodeIgniter->run()
#8 C:\xampp\htdocs\smartcity\system\Commands\Server\rewrite.php(35): require_once('C:\\xampp\\htdocs...')
#9 {main}
ERROR - 2020-11-09 20:38:30 --> mysqli_sql_exception: Not unique table/alias: 'kategori' in C:\xampp\htdocs\smartcity\system\Database\MySQLi\Connection.php:331
Stack trace:
#0 C:\xampp\htdocs\smartcity\system\Database\MySQLi\Connection.php(331): mysqli->query('SELECT *\nFROM `...')
#1 C:\xampp\htdocs\smartcity\system\Database\BaseConnection.php(724): CodeIgniter\Database\MySQLi\Connection->execute('SELECT *\nFROM `...')
#2 C:\xampp\htdocs\smartcity\system\Database\BaseConnection.php(652): CodeIgniter\Database\BaseConnection->simpleQuery('SELECT *\nFROM `...')
#3 C:\xampp\htdocs\smartcity\system\Database\BaseBuilder.php(1871): CodeIgniter\Database\BaseConnection->query('SELECT *\nFROM `...', Array, false)
#4 C:\xampp\htdocs\smartcity\app\Models\Modeluser.php(20): CodeIgniter\Database\BaseBuilder->get()
#5 C:\xampp\htdocs\smartcity\app\Controllers\User.php(21): App\Models\Modeluser->getSiswa()
#6 C:\xampp\htdocs\smartcity\system\CodeIgniter.php(964): App\Controllers\User->index()
#7 C:\xampp\htdocs\smartcity\system\CodeIgniter.php(449): CodeIgniter\CodeIgniter->runController(Object(App\Controllers\User))
#8 C:\xampp\htdocs\smartcity\system\CodeIgniter.php(357): CodeIgniter\CodeIgniter->handleRequest(NULL, Object(Config\Cache), false)
#9 C:\xampp\htdocs\smartcity\public\index.php(45): CodeIgniter\CodeIgniter->run()
#10 C:\xampp\htdocs\smartcity\system\Commands\Server\rewrite.php(35): require_once('C:\\xampp\\htdocs...')
#11 {main}
CRITICAL - 2020-11-09 20:38:30 --> Invalid argument supplied for foreach()
#0 C:\xampp\htdocs\smartcity\app\Views\portal.php(45): CodeIgniter\Debug\Exceptions->errorHandler(2, 'Invalid argumen...', 'C:\\xampp\\htdocs...', 45, Array)
#1 C:\xampp\htdocs\smartcity\system\View\View.php(241): include('C:\\xampp\\htdocs...')
#2 C:\xampp\htdocs\smartcity\system\Common.php(1217): CodeIgniter\View\View->render('portal', Array, true)
#3 C:\xampp\htdocs\smartcity\app\Controllers\User.php(22): view('portal', Array)
#4 C:\xampp\htdocs\smartcity\system\CodeIgniter.php(964): App\Controllers\User->index()
#5 C:\xampp\htdocs\smartcity\system\CodeIgniter.php(449): CodeIgniter\CodeIgniter->runController(Object(App\Controllers\User))
#6 C:\xampp\htdocs\smartcity\system\CodeIgniter.php(357): CodeIgniter\CodeIgniter->handleRequest(NULL, Object(Config\Cache), false)
#7 C:\xampp\htdocs\smartcity\public\index.php(45): CodeIgniter\CodeIgniter->run()
#8 C:\xampp\htdocs\smartcity\system\Commands\Server\rewrite.php(35): require_once('C:\\xampp\\htdocs...')
#9 {main}
ERROR - 2020-11-09 20:39:44 --> mysqli_sql_exception: Not unique table/alias: 'kategori' in C:\xampp\htdocs\smartcity\system\Database\MySQLi\Connection.php:331
Stack trace:
#0 C:\xampp\htdocs\smartcity\system\Database\MySQLi\Connection.php(331): mysqli->query('SELECT *\nFROM `...')
#1 C:\xampp\htdocs\smartcity\system\Database\BaseConnection.php(724): CodeIgniter\Database\MySQLi\Connection->execute('SELECT *\nFROM `...')
#2 C:\xampp\htdocs\smartcity\system\Database\BaseConnection.php(652): CodeIgniter\Database\BaseConnection->simpleQuery('SELECT *\nFROM `...')
#3 C:\xampp\htdocs\smartcity\system\Database\BaseBuilder.php(1871): CodeIgniter\Database\BaseConnection->query('SELECT *\nFROM `...', Array, false)
#4 C:\xampp\htdocs\smartcity\app\Models\Modeluser.php(20): CodeIgniter\Database\BaseBuilder->get()
#5 C:\xampp\htdocs\smartcity\app\Controllers\User.php(21): App\Models\Modeluser->getSiswa()
#6 C:\xampp\htdocs\smartcity\system\CodeIgniter.php(964): App\Controllers\User->index()
#7 C:\xampp\htdocs\smartcity\system\CodeIgniter.php(449): CodeIgniter\CodeIgniter->runController(Object(App\Controllers\User))
#8 C:\xampp\htdocs\smartcity\system\CodeIgniter.php(357): CodeIgniter\CodeIgniter->handleRequest(NULL, Object(Config\Cache), false)
#9 C:\xampp\htdocs\smartcity\public\index.php(45): CodeIgniter\CodeIgniter->run()
#10 C:\xampp\htdocs\smartcity\system\Commands\Server\rewrite.php(35): require_once('C:\\xampp\\htdocs...')
#11 {main}
CRITICAL - 2020-11-09 20:39:44 --> Invalid argument supplied for foreach()
#0 C:\xampp\htdocs\smartcity\app\Views\portal.php(45): CodeIgniter\Debug\Exceptions->errorHandler(2, 'Invalid argumen...', 'C:\\xampp\\htdocs...', 45, Array)
#1 C:\xampp\htdocs\smartcity\system\View\View.php(241): include('C:\\xampp\\htdocs...')
#2 C:\xampp\htdocs\smartcity\system\Common.php(1217): CodeIgniter\View\View->render('portal', Array, true)
#3 C:\xampp\htdocs\smartcity\app\Controllers\User.php(22): view('portal', Array)
#4 C:\xampp\htdocs\smartcity\system\CodeIgniter.php(964): App\Controllers\User->index()
#5 C:\xampp\htdocs\smartcity\system\CodeIgniter.php(449): CodeIgniter\CodeIgniter->runController(Object(App\Controllers\User))
#6 C:\xampp\htdocs\smartcity\system\CodeIgniter.php(357): CodeIgniter\CodeIgniter->handleRequest(NULL, Object(Config\Cache), false)
#7 C:\xampp\htdocs\smartcity\public\index.php(45): CodeIgniter\CodeIgniter->run()
#8 C:\xampp\htdocs\smartcity\system\Commands\Server\rewrite.php(35): require_once('C:\\xampp\\htdocs...')
#9 {main}
ERROR - 2020-11-09 20:40:07 --> mysqli_sql_exception: Not unique table/alias: 'kategori' in C:\xampp\htdocs\smartcity\system\Database\MySQLi\Connection.php:331
Stack trace:
#0 C:\xampp\htdocs\smartcity\system\Database\MySQLi\Connection.php(331): mysqli->query('SELECT *\nFROM `...')
#1 C:\xampp\htdocs\smartcity\system\Database\BaseConnection.php(724): CodeIgniter\Database\MySQLi\Connection->execute('SELECT *\nFROM `...')
#2 C:\xampp\htdocs\smartcity\system\Database\BaseConnection.php(652): CodeIgniter\Database\BaseConnection->simpleQuery('SELECT *\nFROM `...')
#3 C:\xampp\htdocs\smartcity\system\Database\BaseBuilder.php(1871): CodeIgniter\Database\BaseConnection->query('SELECT *\nFROM `...', Array, false)
#4 C:\xampp\htdocs\smartcity\app\Models\Modeluser.php(20): CodeIgniter\Database\BaseBuilder->get()
#5 C:\xampp\htdocs\smartcity\app\Controllers\User.php(21): App\Models\Modeluser->getSiswa()
#6 C:\xampp\htdocs\smartcity\system\CodeIgniter.php(964): App\Controllers\User->index()
#7 C:\xampp\htdocs\smartcity\system\CodeIgniter.php(449): CodeIgniter\CodeIgniter->runController(Object(App\Controllers\User))
#8 C:\xampp\htdocs\smartcity\system\CodeIgniter.php(357): CodeIgniter\CodeIgniter->handleRequest(NULL, Object(Config\Cache), false)
#9 C:\xampp\htdocs\smartcity\public\index.php(45): CodeIgniter\CodeIgniter->run()
#10 C:\xampp\htdocs\smartcity\system\Commands\Server\rewrite.php(35): require_once('C:\\xampp\\htdocs...')
#11 {main}
CRITICAL - 2020-11-09 20:40:07 --> Invalid argument supplied for foreach()
#0 C:\xampp\htdocs\smartcity\app\Views\portal.php(45): CodeIgniter\Debug\Exceptions->errorHandler(2, 'Invalid argumen...', 'C:\\xampp\\htdocs...', 45, Array)
#1 C:\xampp\htdocs\smartcity\system\View\View.php(241): include('C:\\xampp\\htdocs...')
#2 C:\xampp\htdocs\smartcity\system\Common.php(1217): CodeIgniter\View\View->render('portal', Array, true)
#3 C:\xampp\htdocs\smartcity\app\Controllers\User.php(22): view('portal', Array)
#4 C:\xampp\htdocs\smartcity\system\CodeIgniter.php(964): App\Controllers\User->index()
#5 C:\xampp\htdocs\smartcity\system\CodeIgniter.php(449): CodeIgniter\CodeIgniter->runController(Object(App\Controllers\User))
#6 C:\xampp\htdocs\smartcity\system\CodeIgniter.php(357): CodeIgniter\CodeIgniter->handleRequest(NULL, Object(Config\Cache), false)
#7 C:\xampp\htdocs\smartcity\public\index.php(45): CodeIgniter\CodeIgniter->run()
#8 C:\xampp\htdocs\smartcity\system\Commands\Server\rewrite.php(35): require_once('C:\\xampp\\htdocs...')
#9 {main}
ERROR - 2020-11-09 20:40:31 --> mysqli_sql_exception: Not unique table/alias: 'kategori' in C:\xampp\htdocs\smartcity\system\Database\MySQLi\Connection.php:331
Stack trace:
#0 C:\xampp\htdocs\smartcity\system\Database\MySQLi\Connection.php(331): mysqli->query('SELECT *\nFROM `...')
#1 C:\xampp\htdocs\smartcity\system\Database\BaseConnection.php(724): CodeIgniter\Database\MySQLi\Connection->execute('SELECT *\nFROM `...')
#2 C:\xampp\htdocs\smartcity\system\Database\BaseConnection.php(652): CodeIgniter\Database\BaseConnection->simpleQuery('SELECT *\nFROM `...')
#3 C:\xampp\htdocs\smartcity\system\Database\BaseBuilder.php(1871): CodeIgniter\Database\BaseConnection->query('SELECT *\nFROM `...', Array, false)
#4 C:\xampp\htdocs\smartcity\app\Models\Modeluser.php(20): CodeIgniter\Database\BaseBuilder->get()
#5 C:\xampp\htdocs\smartcity\app\Controllers\User.php(21): App\Models\Modeluser->getSiswa()
#6 C:\xampp\htdocs\smartcity\system\CodeIgniter.php(964): App\Controllers\User->index()
#7 C:\xampp\htdocs\smartcity\system\CodeIgniter.php(449): CodeIgniter\CodeIgniter->runController(Object(App\Controllers\User))
#8 C:\xampp\htdocs\smartcity\system\CodeIgniter.php(357): CodeIgniter\CodeIgniter->handleRequest(NULL, Object(Config\Cache), false)
#9 C:\xampp\htdocs\smartcity\public\index.php(45): CodeIgniter\CodeIgniter->run()
#10 C:\xampp\htdocs\smartcity\system\Commands\Server\rewrite.php(35): require_once('C:\\xampp\\htdocs...')
#11 {main}
CRITICAL - 2020-11-09 20:40:31 --> Invalid argument supplied for foreach()
#0 C:\xampp\htdocs\smartcity\app\Views\portal.php(45): CodeIgniter\Debug\Exceptions->errorHandler(2, 'Invalid argumen...', 'C:\\xampp\\htdocs...', 45, Array)
#1 C:\xampp\htdocs\smartcity\system\View\View.php(241): include('C:\\xampp\\htdocs...')
#2 C:\xampp\htdocs\smartcity\system\Common.php(1217): CodeIgniter\View\View->render('portal', Array, true)
#3 C:\xampp\htdocs\smartcity\app\Controllers\User.php(22): view('portal', Array)
#4 C:\xampp\htdocs\smartcity\system\CodeIgniter.php(964): App\Controllers\User->index()
#5 C:\xampp\htdocs\smartcity\system\CodeIgniter.php(449): CodeIgniter\CodeIgniter->runController(Object(App\Controllers\User))
#6 C:\xampp\htdocs\smartcity\system\CodeIgniter.php(357): CodeIgniter\CodeIgniter->handleRequest(NULL, Object(Config\Cache), false)
#7 C:\xampp\htdocs\smartcity\public\index.php(45): CodeIgniter\CodeIgniter->run()
#8 C:\xampp\htdocs\smartcity\system\Commands\Server\rewrite.php(35): require_once('C:\\xampp\\htdocs...')
#9 {main}
CRITICAL - 2020-11-09 20:40:51 --> Invalid argument supplied for foreach()
#0 C:\xampp\htdocs\smartcity\app\Views\portal.php(45): CodeIgniter\Debug\Exceptions->errorHandler(2, 'Invalid argumen...', 'C:\\xampp\\htdocs...', 45, Array)
#1 C:\xampp\htdocs\smartcity\system\View\View.php(241): include('C:\\xampp\\htdocs...')
#2 C:\xampp\htdocs\smartcity\system\Common.php(1217): CodeIgniter\View\View->render('portal', Array, true)
#3 C:\xampp\htdocs\smartcity\app\Controllers\User.php(27): view('portal', Array)
#4 C:\xampp\htdocs\smartcity\system\CodeIgniter.php(964): App\Controllers\User->index()
#5 C:\xampp\htdocs\smartcity\system\CodeIgniter.php(449): CodeIgniter\CodeIgniter->runController(Object(App\Controllers\User))
#6 C:\xampp\htdocs\smartcity\system\CodeIgniter.php(357): CodeIgniter\CodeIgniter->handleRequest(NULL, Object(Config\Cache), false)
#7 C:\xampp\htdocs\smartcity\public\index.php(45): CodeIgniter\CodeIgniter->run()
#8 C:\xampp\htdocs\smartcity\system\Commands\Server\rewrite.php(35): require_once('C:\\xampp\\htdocs...')
#9 {main}
ERROR - 2020-11-09 20:41:22 --> mysqli_sql_exception: Not unique table/alias: 'kategori' in C:\xampp\htdocs\smartcity\system\Database\MySQLi\Connection.php:331
Stack trace:
#0 C:\xampp\htdocs\smartcity\system\Database\MySQLi\Connection.php(331): mysqli->query('SELECT *\nFROM `...')
#1 C:\xampp\htdocs\smartcity\system\Database\BaseConnection.php(724): CodeIgniter\Database\MySQLi\Connection->execute('SELECT *\nFROM `...')
#2 C:\xampp\htdocs\smartcity\system\Database\BaseConnection.php(652): CodeIgniter\Database\BaseConnection->simpleQuery('SELECT *\nFROM `...')
#3 C:\xampp\htdocs\smartcity\system\Database\BaseBuilder.php(1871): CodeIgniter\Database\BaseConnection->query('SELECT *\nFROM `...', Array, false)
#4 C:\xampp\htdocs\smartcity\app\Models\Modeluser.php(20): CodeIgniter\Database\BaseBuilder->get()
#5 C:\xampp\htdocs\smartcity\app\Controllers\User.php(21): App\Models\Modeluser->getSiswa()
#6 C:\xampp\htdocs\smartcity\system\CodeIgniter.php(964): App\Controllers\User->index()
#7 C:\xampp\htdocs\smartcity\system\CodeIgniter.php(449): CodeIgniter\CodeIgniter->runController(Object(App\Controllers\User))
#8 C:\xampp\htdocs\smartcity\system\CodeIgniter.php(357): CodeIgniter\CodeIgniter->handleRequest(NULL, Object(Config\Cache), false)
#9 C:\xampp\htdocs\smartcity\public\index.php(45): CodeIgniter\CodeIgniter->run()
#10 C:\xampp\htdocs\smartcity\system\Commands\Server\rewrite.php(35): require_once('C:\\xampp\\htdocs...')
#11 {main}
CRITICAL - 2020-11-09 20:48:53 --> Invalid argument supplied for foreach()
#0 C:\xampp\htdocs\smartcity\app\Views\v_modalform.php(41): CodeIgniter\Debug\Exceptions->errorHandler(2, 'Invalid argumen...', 'C:\\xampp\\htdocs...', 41, Array)
#1 C:\xampp\htdocs\smartcity\system\View\View.php(241): include('C:\\xampp\\htdocs...')
#2 C:\xampp\htdocs\smartcity\system\Common.php(1217): CodeIgniter\View\View->render('v_modalform', Array, true)
#3 C:\xampp\htdocs\smartcity\app\Controllers\Modal.php(22): view('v_modalform')
#4 C:\xampp\htdocs\smartcity\system\CodeIgniter.php(964): App\Controllers\Modal->form()
#5 C:\xampp\htdocs\smartcity\system\CodeIgniter.php(449): CodeIgniter\CodeIgniter->runController(Object(App\Controllers\Modal))
#6 C:\xampp\htdocs\smartcity\system\CodeIgniter.php(357): CodeIgniter\CodeIgniter->handleRequest(NULL, Object(Config\Cache), false)
#7 C:\xampp\htdocs\smartcity\public\index.php(45): CodeIgniter\CodeIgniter->run()
#8 C:\xampp\htdocs\smartcity\system\Commands\Server\rewrite.php(35): require_once('C:\\xampp\\htdocs...')
#9 {main}
CRITICAL - 2020-11-09 20:50:27 --> Invalid argument supplied for foreach()
#0 C:\xampp\htdocs\smartcity\app\Views\v_modalform.php(41): CodeIgniter\Debug\Exceptions->errorHandler(2, 'Invalid argumen...', 'C:\\xampp\\htdocs...', 41, Array)
#1 C:\xampp\htdocs\smartcity\system\View\View.php(241): include('C:\\xampp\\htdocs...')
#2 C:\xampp\htdocs\smartcity\system\Common.php(1217): CodeIgniter\View\View->render('v_modalform', Array, true)
#3 C:\xampp\htdocs\smartcity\app\Controllers\Modal.php(22): view('v_modalform')
#4 C:\xampp\htdocs\smartcity\system\CodeIgniter.php(964): App\Controllers\Modal->form()
#5 C:\xampp\htdocs\smartcity\system\CodeIgniter.php(449): CodeIgniter\CodeIgniter->runController(Object(App\Controllers\Modal))
#6 C:\xampp\htdocs\smartcity\system\CodeIgniter.php(357): CodeIgniter\CodeIgniter->handleRequest(NULL, Object(Config\Cache), false)
#7 C:\xampp\htdocs\smartcity\public\index.php(45): CodeIgniter\CodeIgniter->run()
#8 C:\xampp\htdocs\smartcity\system\Commands\Server\rewrite.php(35): require_once('C:\\xampp\\htdocs...')
#9 {main}
CRITICAL - 2020-11-09 20:50:32 --> Invalid argument supplied for foreach()
#0 C:\xampp\htdocs\smartcity\app\Views\v_modalform.php(41): CodeIgniter\Debug\Exceptions->errorHandler(2, 'Invalid argumen...', 'C:\\xampp\\htdocs...', 41, Array)
#1 C:\xampp\htdocs\smartcity\system\View\View.php(241): include('C:\\xampp\\htdocs...')
#2 C:\xampp\htdocs\smartcity\system\Common.php(1217): CodeIgniter\View\View->render('v_modalform', Array, true)
#3 C:\xampp\htdocs\smartcity\app\Controllers\Modal.php(22): view('v_modalform')
#4 C:\xampp\htdocs\smartcity\system\CodeIgniter.php(964): App\Controllers\Modal->form()
#5 C:\xampp\htdocs\smartcity\system\CodeIgniter.php(449): CodeIgniter\CodeIgniter->runController(Object(App\Controllers\Modal))
#6 C:\xampp\htdocs\smartcity\system\CodeIgniter.php(357): CodeIgniter\CodeIgniter->handleRequest(NULL, Object(Config\Cache), false)
#7 C:\xampp\htdocs\smartcity\public\index.php(45): CodeIgniter\CodeIgniter->run()
#8 C:\xampp\htdocs\smartcity\system\Commands\Server\rewrite.php(35): require_once('C:\\xampp\\htdocs...')
#9 {main}
CRITICAL - 2020-11-09 20:52:47 --> Call to a member function result() on null
#0 C:\xampp\htdocs\smartcity\system\View\View.php(241): include()
#1 C:\xampp\htdocs\smartcity\system\Common.php(1217): CodeIgniter\View\View->render('v_modalform', Array, true)
#2 C:\xampp\htdocs\smartcity\app\Controllers\Modal.php(22): view('v_modalform')
#3 C:\xampp\htdocs\smartcity\system\CodeIgniter.php(964): App\Controllers\Modal->form()
#4 C:\xampp\htdocs\smartcity\system\CodeIgniter.php(449): CodeIgniter\CodeIgniter->runController(Object(App\Controllers\Modal))
#5 C:\xampp\htdocs\smartcity\system\CodeIgniter.php(357): CodeIgniter\CodeIgniter->handleRequest(NULL, Object(Config\Cache), false)
#6 C:\xampp\htdocs\smartcity\public\index.php(45): CodeIgniter\CodeIgniter->run()
#7 C:\xampp\htdocs\smartcity\system\Commands\Server\rewrite.php(35): require_once('C:\\xampp\\htdocs...')
#8 {main}
CRITICAL - 2020-11-09 21:01:13 --> Invalid argument supplied for foreach()
#0 C:\xampp\htdocs\smartcity\app\Views\v_modalform.php(36): CodeIgniter\Debug\Exceptions->errorHandler(2, 'Invalid argumen...', 'C:\\xampp\\htdocs...', 36, Array)
#1 C:\xampp\htdocs\smartcity\system\View\View.php(241): include('C:\\xampp\\htdocs...')
#2 C:\xampp\htdocs\smartcity\system\Common.php(1217): CodeIgniter\View\View->render('v_modalform', Array, true)
#3 C:\xampp\htdocs\smartcity\app\Controllers\Modal.php(22): view('v_modalform')
#4 C:\xampp\htdocs\smartcity\system\CodeIgniter.php(964): App\Controllers\Modal->form()
#5 C:\xampp\htdocs\smartcity\system\CodeIgniter.php(449): CodeIgniter\CodeIgniter->runController(Object(App\Controllers\Modal))
#6 C:\xampp\htdocs\smartcity\system\CodeIgniter.php(357): CodeIgniter\CodeIgniter->handleRequest(NULL, Object(Config\Cache), false)
#7 C:\xampp\htdocs\smartcity\public\index.php(45): CodeIgniter\CodeIgniter->run()
#8 C:\xampp\htdocs\smartcity\system\Commands\Server\rewrite.php(35): require_once('C:\\xampp\\htdocs...')
#9 {main}
CRITICAL - 2020-11-09 21:05:02 --> Invalid argument supplied for foreach()
#0 C:\xampp\htdocs\smartcity\app\Views\v_modalform.php(36): CodeIgniter\Debug\Exceptions->errorHandler(2, 'Invalid argumen...', 'C:\\xampp\\htdocs...', 36, Array)
#1 C:\xampp\htdocs\smartcity\system\View\View.php(241): include('C:\\xampp\\htdocs...')
#2 C:\xampp\htdocs\smartcity\system\Common.php(1217): CodeIgniter\View\View->render('v_modalform', Array, true)
#3 C:\xampp\htdocs\smartcity\app\Controllers\Modal.php(22): view('v_modalform')
#4 C:\xampp\htdocs\smartcity\system\CodeIgniter.php(964): App\Controllers\Modal->form()
#5 C:\xampp\htdocs\smartcity\system\CodeIgniter.php(449): CodeIgniter\CodeIgniter->runController(Object(App\Controllers\Modal))
#6 C:\xampp\htdocs\smartcity\system\CodeIgniter.php(357): CodeIgniter\CodeIgniter->handleRequest(NULL, Object(Config\Cache), false)
#7 C:\xampp\htdocs\smartcity\public\index.php(45): CodeIgniter\CodeIgniter->run()
#8 C:\xampp\htdocs\smartcity\system\Commands\Server\rewrite.php(35): require_once('C:\\xampp\\htdocs...')
#9 {main}
CRITICAL - 2020-11-09 21:06:23 --> Invalid argument supplied for foreach()
#0 C:\xampp\htdocs\smartcity\app\Views\v_modalform.php(36): CodeIgniter\Debug\Exceptions->errorHandler(2, 'Invalid argumen...', 'C:\\xampp\\htdocs...', 36, Array)
#1 C:\xampp\htdocs\smartcity\system\View\View.php(241): include('C:\\xampp\\htdocs...')
#2 C:\xampp\htdocs\smartcity\system\Common.php(1217): CodeIgniter\View\View->render('v_modalform', Array, true)
#3 C:\xampp\htdocs\smartcity\app\Controllers\Modal.php(22): view('v_modalform')
#4 C:\xampp\htdocs\smartcity\system\CodeIgniter.php(964): App\Controllers\Modal->form()
#5 C:\xampp\htdocs\smartcity\system\CodeIgniter.php(449): CodeIgniter\CodeIgniter->runController(Object(App\Controllers\Modal))
#6 C:\xampp\htdocs\smartcity\system\CodeIgniter.php(357): CodeIgniter\CodeIgniter->handleRequest(NULL, Object(Config\Cache), false)
#7 C:\xampp\htdocs\smartcity\public\index.php(45): CodeIgniter\CodeIgniter->run()
#8 C:\xampp\htdocs\smartcity\system\Commands\Server\rewrite.php(35): require_once('C:\\xampp\\htdocs...')
#9 {main}
CRITICAL - 2020-11-09 21:06:25 --> Invalid argument supplied for foreach()
#0 C:\xampp\htdocs\smartcity\app\Views\v_modalform.php(36): CodeIgniter\Debug\Exceptions->errorHandler(2, 'Invalid argumen...', 'C:\\xampp\\htdocs...', 36, Array)
#1 C:\xampp\htdocs\smartcity\system\View\View.php(241): include('C:\\xampp\\htdocs...')
#2 C:\xampp\htdocs\smartcity\system\Common.php(1217): CodeIgniter\View\View->render('v_modalform', Array, true)
#3 C:\xampp\htdocs\smartcity\app\Controllers\Modal.php(22): view('v_modalform')
#4 C:\xampp\htdocs\smartcity\system\CodeIgniter.php(964): App\Controllers\Modal->form()
#5 C:\xampp\htdocs\smartcity\system\CodeIgniter.php(449): CodeIgniter\CodeIgniter->runController(Object(App\Controllers\Modal))
#6 C:\xampp\htdocs\smartcity\system\CodeIgniter.php(357): CodeIgniter\CodeIgniter->handleRequest(NULL, Object(Config\Cache), false)
#7 C:\xampp\htdocs\smartcity\public\index.php(45): CodeIgniter\CodeIgniter->run()
#8 C:\xampp\htdocs\smartcity\system\Commands\Server\rewrite.php(35): require_once('C:\\xampp\\htdocs...')
#9 {main}
CRITICAL - 2020-11-09 21:06:31 --> Invalid argument supplied for foreach()
#0 C:\xampp\htdocs\smartcity\app\Views\v_modalform.php(36): CodeIgniter\Debug\Exceptions->errorHandler(2, 'Invalid argumen...', 'C:\\xampp\\htdocs...', 36, Array)
#1 C:\xampp\htdocs\smartcity\system\View\View.php(241): include('C:\\xampp\\htdocs...')
#2 C:\xampp\htdocs\smartcity\system\Common.php(1217): CodeIgniter\View\View->render('v_modalform', Array, true)
#3 C:\xampp\htdocs\smartcity\app\Controllers\Modal.php(22): view('v_modalform')
#4 C:\xampp\htdocs\smartcity\system\CodeIgniter.php(964): App\Controllers\Modal->form()
#5 C:\xampp\htdocs\smartcity\system\CodeIgniter.php(449): CodeIgniter\CodeIgniter->runController(Object(App\Controllers\Modal))
#6 C:\xampp\htdocs\smartcity\system\CodeIgniter.php(357): CodeIgniter\CodeIgniter->handleRequest(NULL, Object(Config\Cache), false)
#7 C:\xampp\htdocs\smartcity\public\index.php(45): CodeIgniter\CodeIgniter->run()
#8 C:\xampp\htdocs\smartcity\system\Commands\Server\rewrite.php(35): require_once('C:\\xampp\\htdocs...')
#9 {main}
ERROR - 2020-11-09 21:07:18 --> mysqli_sql_exception: Not unique table/alias: 'kategori' in C:\xampp\htdocs\smartcity\system\Database\MySQLi\Connection.php:331
Stack trace:
#0 C:\xampp\htdocs\smartcity\system\Database\MySQLi\Connection.php(331): mysqli->query('SELECT *\nFROM `...')
#1 C:\xampp\htdocs\smartcity\system\Database\BaseConnection.php(724): CodeIgniter\Database\MySQLi\Connection->execute('SELECT *\nFROM `...')
#2 C:\xampp\htdocs\smartcity\system\Database\BaseConnection.php(652): CodeIgniter\Database\BaseConnection->simpleQuery('SELECT *\nFROM `...')
#3 C:\xampp\htdocs\smartcity\system\Database\BaseBuilder.php(1871): CodeIgniter\Database\BaseConnection->query('SELECT *\nFROM `...', Array, false)
#4 C:\xampp\htdocs\smartcity\app\Models\Modeluser.php(20): CodeIgniter\Database\BaseBuilder->get()
#5 C:\xampp\htdocs\smartcity\app\Controllers\User.php(21): App\Models\Modeluser->getSiswa()
#6 C:\xampp\htdocs\smartcity\system\CodeIgniter.php(964): App\Controllers\User->index()
#7 C:\xampp\htdocs\smartcity\system\CodeIgniter.php(449): CodeIgniter\CodeIgniter->runController(Object(App\Controllers\User))
#8 C:\xampp\htdocs\smartcity\system\CodeIgniter.php(357): CodeIgniter\CodeIgniter->handleRequest(NULL, Object(Config\Cache), false)
#9 C:\xampp\htdocs\smartcity\public\index.php(45): CodeIgniter\CodeIgniter->run()
#10 C:\xampp\htdocs\smartcity\system\Commands\Server\rewrite.php(35): require_once('C:\\xampp\\htdocs...')
#11 {main}
CRITICAL - 2020-11-09 21:08:36 --> Invalid argument supplied for foreach()
#0 C:\xampp\htdocs\smartcity\app\Views\v_modalform.php(36): CodeIgniter\Debug\Exceptions->errorHandler(2, 'Invalid argumen...', 'C:\\xampp\\htdocs...', 36, Array)
#1 C:\xampp\htdocs\smartcity\system\View\View.php(241): include('C:\\xampp\\htdocs...')
#2 C:\xampp\htdocs\smartcity\system\Common.php(1217): CodeIgniter\View\View->render('v_modalform', Array, true)
#3 C:\xampp\htdocs\smartcity\app\Controllers\Modal.php(22): view('v_modalform')
#4 C:\xampp\htdocs\smartcity\system\CodeIgniter.php(964): App\Controllers\Modal->form()
#5 C:\xampp\htdocs\smartcity\system\CodeIgniter.php(449): CodeIgniter\CodeIgniter->runController(Object(App\Controllers\Modal))
#6 C:\xampp\htdocs\smartcity\system\CodeIgniter.php(357): CodeIgniter\CodeIgniter->handleRequest(NULL, Object(Config\Cache), false)
#7 C:\xampp\htdocs\smartcity\public\index.php(45): CodeIgniter\CodeIgniter->run()
#8 C:\xampp\htdocs\smartcity\system\Commands\Server\rewrite.php(35): require_once('C:\\xampp\\htdocs...')
#9 {main}
CRITICAL - 2020-11-09 21:08:55 --> Call to a member function result() on null
#0 C:\xampp\htdocs\smartcity\system\View\View.php(241): include()
#1 C:\xampp\htdocs\smartcity\system\Common.php(1217): CodeIgniter\View\View->render('v_modalform', Array, true)
#2 C:\xampp\htdocs\smartcity\app\Controllers\Modal.php(22): view('v_modalform')
#3 C:\xampp\htdocs\smartcity\system\CodeIgniter.php(964): App\Controllers\Modal->form()
#4 C:\xampp\htdocs\smartcity\system\CodeIgniter.php(449): CodeIgniter\CodeIgniter->runController(Object(App\Controllers\Modal))
#5 C:\xampp\htdocs\smartcity\system\CodeIgniter.php(357): CodeIgniter\CodeIgniter->handleRequest(NULL, Object(Config\Cache), false)
#6 C:\xampp\htdocs\smartcity\public\index.php(45): CodeIgniter\CodeIgniter->run()
#7 C:\xampp\htdocs\smartcity\system\Commands\Server\rewrite.php(35): require_once('C:\\xampp\\htdocs...')
#8 {main}
CRITICAL - 2020-11-09 21:12:35 --> Invalid argument supplied for foreach()
#0 C:\xampp\htdocs\smartcity\app\Views\v_modalform.php(40): CodeIgniter\Debug\Exceptions->errorHandler(2, 'Invalid argumen...', 'C:\\xampp\\htdocs...', 40, Array)
#1 C:\xampp\htdocs\smartcity\system\View\View.php(241): include('C:\\xampp\\htdocs...')
#2 C:\xampp\htdocs\smartcity\system\Common.php(1217): CodeIgniter\View\View->render('v_modalform', Array, true)
#3 C:\xampp\htdocs\smartcity\app\Controllers\Modal.php(22): view('v_modalform')
#4 C:\xampp\htdocs\smartcity\system\CodeIgniter.php(964): App\Controllers\Modal->form()
#5 C:\xampp\htdocs\smartcity\system\CodeIgniter.php(449): CodeIgniter\CodeIgniter->runController(Object(App\Controllers\Modal))
#6 C:\xampp\htdocs\smartcity\system\CodeIgniter.php(357): CodeIgniter\CodeIgniter->handleRequest(NULL, Object(Config\Cache), false)
#7 C:\xampp\htdocs\smartcity\public\index.php(45): CodeIgniter\CodeIgniter->run()
#8 C:\xampp\htdocs\smartcity\system\Commands\Server\rewrite.php(35): require_once('C:\\xampp\\htdocs...')
#9 {main}
ERROR - 2020-11-09 21:16:48 --> mysqli_sql_exception: Not unique table/alias: 'kategori' in C:\xampp\htdocs\smartcity\system\Database\MySQLi\Connection.php:331
Stack trace:
#0 C:\xampp\htdocs\smartcity\system\Database\MySQLi\Connection.php(331): mysqli->query('SELECT *\nFROM `...')
#1 C:\xampp\htdocs\smartcity\system\Database\BaseConnection.php(724): CodeIgniter\Database\MySQLi\Connection->execute('SELECT *\nFROM `...')
#2 C:\xampp\htdocs\smartcity\system\Database\BaseConnection.php(652): CodeIgniter\Database\BaseConnection->simpleQuery('SELECT *\nFROM `...')
#3 C:\xampp\htdocs\smartcity\system\Database\BaseBuilder.php(1871): CodeIgniter\Database\BaseConnection->query('SELECT *\nFROM `...', Array, false)
#4 C:\xampp\htdocs\smartcity\app\Models\Modeluser.php(20): CodeIgniter\Database\BaseBuilder->get()
#5 C:\xampp\htdocs\smartcity\app\Controllers\User.php(21): App\Models\Modeluser->getSiswa()
#6 C:\xampp\htdocs\smartcity\system\CodeIgniter.php(964): App\Controllers\User->index()
#7 C:\xampp\htdocs\smartcity\system\CodeIgniter.php(449): CodeIgniter\CodeIgniter->runController(Object(App\Controllers\User))
#8 C:\xampp\htdocs\smartcity\system\CodeIgniter.php(357): CodeIgniter\CodeIgniter->handleRequest(NULL, Object(Config\Cache), false)
#9 C:\xampp\htdocs\smartcity\public\index.php(45): CodeIgniter\CodeIgniter->run()
#10 C:\xampp\htdocs\smartcity\system\Commands\Server\rewrite.php(35): require_once('C:\\xampp\\htdocs...')
#11 {main}
ERROR - 2020-11-09 21:25:18 --> mysqli_sql_exception: Column 'judul_kategori' cannot be null in C:\xampp\htdocs\smartcity\system\Database\MySQLi\Connection.php:331
Stack trace:
#0 C:\xampp\htdocs\smartcity\system\Database\MySQLi\Connection.php(331): mysqli->query('INSERT INTO `mo...')
#1 C:\xampp\htdocs\smartcity\system\Database\BaseConnection.php(724): CodeIgniter\Database\MySQLi\Connection->execute('INSERT INTO `mo...')
#2 C:\xampp\htdocs\smartcity\system\Database\BaseConnection.php(652): CodeIgniter\Database\BaseConnection->simpleQuery('INSERT INTO `mo...')
#3 C:\xampp\htdocs\smartcity\system\Database\BaseBuilder.php(2268): CodeIgniter\Database\BaseConnection->query('INSERT INTO `mo...', Array, false)
#4 C:\xampp\htdocs\smartcity\app\Models\Modelmodal.php(14): CodeIgniter\Database\BaseBuilder->insert(Array)
#5 C:\xampp\htdocs\smartcity\app\Controllers\Modal.php(52): App\Models\Modelmodal->SimpanModal(Array)
#6 C:\xampp\htdocs\smartcity\system\CodeIgniter.php(964): App\Controllers\Modal->simpan()
#7 C:\xampp\htdocs\smartcity\system\CodeIgniter.php(449): CodeIgniter\CodeIgniter->runController(Object(App\Controllers\Modal))
#8 C:\xampp\htdocs\smartcity\system\CodeIgniter.php(357): CodeIgniter\CodeIgniter->handleRequest(NULL, Object(Config\Cache), false)
#9 C:\xampp\htdocs\smartcity\public\index.php(45): CodeIgniter\CodeIgniter->run()
#10 C:\xampp\htdocs\smartcity\system\Commands\Server\rewrite.php(35): require_once('C:\\xampp\\htdocs...')
#11 {main}
CRITICAL - 2020-11-09 21:37:02 --> Class 'App\Controllers\Modelmodal' not found
#0 C:\xampp\htdocs\smartcity\system\CodeIgniter.php(964): App\Controllers\User->index()
#1 C:\xampp\htdocs\smartcity\system\CodeIgniter.php(449): CodeIgniter\CodeIgniter->runController(Object(App\Controllers\User))
#2 C:\xampp\htdocs\smartcity\system\CodeIgniter.php(357): CodeIgniter\CodeIgniter->handleRequest(NULL, Object(Config\Cache), false)
#3 C:\xampp\htdocs\smartcity\public\index.php(45): CodeIgniter\CodeIgniter->run()
#4 C:\xampp\htdocs\smartcity\system\Commands\Server\rewrite.php(35): require_once('C:\\xampp\\htdocs...')
#5 {main}
ERROR - 2020-11-09 21:42:39 --> mysqli_sql_exception: Column 'judul_kategori' cannot be null in C:\xampp\htdocs\smartcity\system\Database\MySQLi\Connection.php:331
Stack trace:
#0 C:\xampp\htdocs\smartcity\system\Database\MySQLi\Connection.php(331): mysqli->query('INSERT INTO `mo...')
#1 C:\xampp\htdocs\smartcity\system\Database\BaseConnection.php(724): CodeIgniter\Database\MySQLi\Connection->execute('INSERT INTO `mo...')
#2 C:\xampp\htdocs\smartcity\system\Database\BaseConnection.php(652): CodeIgniter\Database\BaseConnection->simpleQuery('INSERT INTO `mo...')
#3 C:\xampp\htdocs\smartcity\system\Database\BaseBuilder.php(2268): CodeIgniter\Database\BaseConnection->query('INSERT INTO `mo...', Array, false)
#4 C:\xampp\htdocs\smartcity\app\Models\Modelmodal.php(14): CodeIgniter\Database\BaseBuilder->insert(Array)
#5 C:\xampp\htdocs\smartcity\app\Controllers\Modal.php(55): App\Models\Modelmodal->SimpanModal(Array)
#6 C:\xampp\htdocs\smartcity\system\CodeIgniter.php(964): App\Controllers\Modal->simpan()
#7 C:\xampp\htdocs\smartcity\system\CodeIgniter.php(449): CodeIgniter\CodeIgniter->runController(Object(App\Controllers\Modal))
#8 C:\xampp\htdocs\smartcity\system\CodeIgniter.php(357): CodeIgniter\CodeIgniter->handleRequest(NULL, Object(Config\Cache), false)
#9 C:\xampp\htdocs\smartcity\public\index.php(45): CodeIgniter\CodeIgniter->run()
#10 C:\xampp\htdocs\smartcity\system\Commands\Server\rewrite.php(35): require_once('C:\\xampp\\htdocs...')
#11 {main}
ERROR - 2020-11-09 22:20:18 --> mysqli_sql_exception: Unknown column 'gambar_kategori' in 'field list' in C:\xampp\htdocs\smartcity\system\Database\MySQLi\Connection.php:331
Stack trace:
#0 C:\xampp\htdocs\smartcity\system\Database\MySQLi\Connection.php(331): mysqli->query('INSERT INTO `mo...')
#1 C:\xampp\htdocs\smartcity\system\Database\BaseConnection.php(724): CodeIgniter\Database\MySQLi\Connection->execute('INSERT INTO `mo...')
#2 C:\xampp\htdocs\smartcity\system\Database\BaseConnection.php(652): CodeIgniter\Database\BaseConnection->simpleQuery('INSERT INTO `mo...')
#3 C:\xampp\htdocs\smartcity\system\Database\BaseBuilder.php(2268): CodeIgniter\Database\BaseConnection->query('INSERT INTO `mo...', Array, false)
#4 C:\xampp\htdocs\smartcity\app\Models\Modelmodal.php(14): CodeIgniter\Database\BaseBuilder->insert(Array)
#5 C:\xampp\htdocs\smartcity\app\Controllers\Modal.php(53): App\Models\Modelmodal->SimpanModal(Array)
#6 C:\xampp\htdocs\smartcity\system\CodeIgniter.php(964): App\Controllers\Modal->simpan()
#7 C:\xampp\htdocs\smartcity\system\CodeIgniter.php(449): CodeIgniter\CodeIgniter->runController(Object(App\Controllers\Modal))
#8 C:\xampp\htdocs\smartcity\system\CodeIgniter.php(357): CodeIgniter\CodeIgniter->handleRequest(NULL, Object(Config\Cache), false)
#9 C:\xampp\htdocs\smartcity\public\index.php(45): CodeIgniter\CodeIgniter->run()
#10 C:\xampp\htdocs\smartcity\system\Commands\Server\rewrite.php(35): require_once('C:\\xampp\\htdocs...')
#11 {main}
ERROR - 2020-11-09 22:36:31 --> mysqli_sql_exception: Unknown column 'modal.gambar_kategori' in 'on clause' in C:\xampp\htdocs\smartcity\system\Database\MySQLi\Connection.php:331
Stack trace:
#0 C:\xampp\htdocs\smartcity\system\Database\MySQLi\Connection.php(331): mysqli->query('SELECT *\nFROM `...')
#1 C:\xampp\htdocs\smartcity\system\Database\BaseConnection.php(724): CodeIgniter\Database\MySQLi\Connection->execute('SELECT *\nFROM `...')
#2 C:\xampp\htdocs\smartcity\system\Database\BaseConnection.php(652): CodeIgniter\Database\BaseConnection->simpleQuery('SELECT *\nFROM `...')
#3 C:\xampp\htdocs\smartcity\system\Database\BaseBuilder.php(1871): CodeIgniter\Database\BaseConnection->query('SELECT *\nFROM `...', Array, false)
#4 C:\xampp\htdocs\smartcity\app\Models\Modeluser.php(19): CodeIgniter\Database\BaseBuilder->get()
#5 C:\xampp\htdocs\smartcity\app\Controllers\User.php(21): App\Models\Modeluser->getSiswa()
#6 C:\xampp\htdocs\smartcity\system\CodeIgniter.php(964): App\Controllers\User->index()
#7 C:\xampp\htdocs\smartcity\system\CodeIgniter.php(449): CodeIgniter\CodeIgniter->runController(Object(App\Controllers\User))
#8 C:\xampp\htdocs\smartcity\system\CodeIgniter.php(357): CodeIgniter\CodeIgniter->handleRequest(NULL, Object(Config\Cache), false)
#9 C:\xampp\htdocs\smartcity\public\index.php(45): CodeIgniter\CodeIgniter->run()
#10 C:\xampp\htdocs\smartcity\system\Commands\Server\rewrite.php(35): require_once('C:\\xampp\\htdocs...')
#11 {main}
ERROR - 2020-11-09 23:10:58 --> mysqli_sql_exception: Cannot add or update a child row: a foreign key constraint fails (`smartcity`.`modal`, CONSTRAINT `modal_ibfk_1` FOREIGN KEY (`gambar_kategori`) REFERENCES `kategori` (`gambar_kategori`)) in C:\xampp\htdocs\smartcity\system\Database\MySQLi\Connection.php:331
Stack trace:
#0 C:\xampp\htdocs\smartcity\system\Database\MySQLi\Connection.php(331): mysqli->query('INSERT INTO `mo...')
#1 C:\xampp\htdocs\smartcity\system\Database\BaseConnection.php(724): CodeIgniter\Database\MySQLi\Connection->execute('INSERT INTO `mo...')
#2 C:\xampp\htdocs\smartcity\system\Database\BaseConnection.php(652): CodeIgniter\Database\BaseConnection->simpleQuery('INSERT INTO `mo...')
#3 C:\xampp\htdocs\smartcity\system\Database\BaseBuilder.php(2268): CodeIgniter\Database\BaseConnection->query('INSERT INTO `mo...', Array, false)
#4 C:\xampp\htdocs\smartcity\app\Models\Modelmodal.php(14): CodeIgniter\Database\BaseBuilder->insert(Array)
#5 C:\xampp\htdocs\smartcity\app\Controllers\Modal.php(50): App\Models\Modelmodal->SimpanModal(Array)
#6 C:\xampp\htdocs\smartcity\system\CodeIgniter.php(964): App\Controllers\Modal->simpan()
#7 C:\xampp\htdocs\smartcity\system\CodeIgniter.php(449): CodeIgniter\CodeIgniter->runController(Object(App\Controllers\Modal))
#8 C:\xampp\htdocs\smartcity\system\CodeIgniter.php(357): CodeIgniter\CodeIgniter->handleRequest(NULL, Object(Config\Cache), false)
#9 C:\xampp\htdocs\smartcity\public\index.php(45): CodeIgniter\CodeIgniter->run()
#10 C:\xampp\htdocs\smartcity\system\Commands\Server\rewrite.php(35): require_once('C:\\xampp\\htdocs...')
#11 {main}
ERROR - 2020-11-09 23:12:05 --> mysqli_sql_exception: Cannot add or update a child row: a foreign key constraint fails (`smartcity`.`modal`, CONSTRAINT `modal_ibfk_1` FOREIGN KEY (`gambar_kategori`) REFERENCES `kategori` (`gambar_kategori`)) in C:\xampp\htdocs\smartcity\system\Database\MySQLi\Connection.php:331
Stack trace:
#0 C:\xampp\htdocs\smartcity\system\Database\MySQLi\Connection.php(331): mysqli->query('INSERT INTO `mo...')
#1 C:\xampp\htdocs\smartcity\system\Database\BaseConnection.php(724): CodeIgniter\Database\MySQLi\Connection->execute('INSERT INTO `mo...')
#2 C:\xampp\htdocs\smartcity\system\Database\BaseConnection.php(652): CodeIgniter\Database\BaseConnection->simpleQuery('INSERT INTO `mo...')
#3 C:\xampp\htdocs\smartcity\system\Database\BaseBuilder.php(2268): CodeIgniter\Database\BaseConnection->query('INSERT INTO `mo...', Array, false)
#4 C:\xampp\htdocs\smartcity\app\Models\Modelmodal.php(14): CodeIgniter\Database\BaseBuilder->insert(Array)
#5 C:\xampp\htdocs\smartcity\app\Controllers\Modal.php(50): App\Models\Modelmodal->SimpanModal(Array)
#6 C:\xampp\htdocs\smartcity\system\CodeIgniter.php(964): App\Controllers\Modal->simpan()
#7 C:\xampp\htdocs\smartcity\system\CodeIgniter.php(449): CodeIgniter\CodeIgniter->runController(Object(App\Controllers\Modal))
#8 C:\xampp\htdocs\smartcity\system\CodeIgniter.php(357): CodeIgniter\CodeIgniter->handleRequest(NULL, Object(Config\Cache), false)
#9 C:\xampp\htdocs\smartcity\public\index.php(45): CodeIgniter\CodeIgniter->run()
#10 C:\xampp\htdocs\smartcity\system\Commands\Server\rewrite.php(35): require_once('C:\\xampp\\htdocs...')
#11 {main}
ERROR - 2020-11-09 23:13:30 --> mysqli_sql_exception: Cannot add or update a child row: a foreign key constraint fails (`smartcity`.`modal`, CONSTRAINT `modal_ibfk_1` FOREIGN KEY (`gambar_kategori`) REFERENCES `kategori` (`gambar_kategori`)) in C:\xampp\htdocs\smartcity\system\Database\MySQLi\Connection.php:331
Stack trace:
#0 C:\xampp\htdocs\smartcity\system\Database\MySQLi\Connection.php(331): mysqli->query('INSERT INTO `mo...')
#1 C:\xampp\htdocs\smartcity\system\Database\BaseConnection.php(724): CodeIgniter\Database\MySQLi\Connection->execute('INSERT INTO `mo...')
#2 C:\xampp\htdocs\smartcity\system\Database\BaseConnection.php(652): CodeIgniter\Database\BaseConnection->simpleQuery('INSERT INTO `mo...')
#3 C:\xampp\htdocs\smartcity\system\Database\BaseBuilder.php(2268): CodeIgniter\Database\BaseConnection->query('INSERT INTO `mo...', Array, false)
#4 C:\xampp\htdocs\smartcity\app\Models\Modelmodal.php(14): CodeIgniter\Database\BaseBuilder->insert(Array)
#5 C:\xampp\htdocs\smartcity\app\Controllers\Modal.php(50): App\Models\Modelmodal->SimpanModal(Array)
#6 C:\xampp\htdocs\smartcity\system\CodeIgniter.php(964): App\Controllers\Modal->simpan()
#7 C:\xampp\htdocs\smartcity\system\CodeIgniter.php(449): CodeIgniter\CodeIgniter->runController(Object(App\Controllers\Modal))
#8 C:\xampp\htdocs\smartcity\system\CodeIgniter.php(357): CodeIgniter\CodeIgniter->handleRequest(NULL, Object(Config\Cache), false)
#9 C:\xampp\htdocs\smartcity\public\index.php(45): CodeIgniter\CodeIgniter->run()
#10 C:\xampp\htdocs\smartcity\system\Commands\Server\rewrite.php(35): require_once('C:\\xampp\\htdocs...')
#11 {main}
ERROR - 2020-11-09 23:14:26 --> mysqli_sql_exception: Cannot add or update a child row: a foreign key constraint fails (`smartcity`.`modal`, CONSTRAINT `modal_ibfk_1` FOREIGN KEY (`gambar_kategori`) REFERENCES `kategori` (`gambar_kategori`)) in C:\xampp\htdocs\smartcity\system\Database\MySQLi\Connection.php:331
Stack trace:
#0 C:\xampp\htdocs\smartcity\system\Database\MySQLi\Connection.php(331): mysqli->query('INSERT INTO `mo...')
#1 C:\xampp\htdocs\smartcity\system\Database\BaseConnection.php(724): CodeIgniter\Database\MySQLi\Connection->execute('INSERT INTO `mo...')
#2 C:\xampp\htdocs\smartcity\system\Database\BaseConnection.php(652): CodeIgniter\Database\BaseConnection->simpleQuery('INSERT INTO `mo...')
#3 C:\xampp\htdocs\smartcity\system\Database\BaseBuilder.php(2268): CodeIgniter\Database\BaseConnection->query('INSERT INTO `mo...', Array, false)
#4 C:\xampp\htdocs\smartcity\app\Models\Modelmodal.php(14): CodeIgniter\Database\BaseBuilder->insert(Array)
#5 C:\xampp\htdocs\smartcity\app\Controllers\Modal.php(50): App\Models\Modelmodal->SimpanModal(Array)
#6 C:\xampp\htdocs\smartcity\system\CodeIgniter.php(964): App\Controllers\Modal->simpan()
#7 C:\xampp\htdocs\smartcity\system\CodeIgniter.php(449): CodeIgniter\CodeIgniter->runController(Object(App\Controllers\Modal))
#8 C:\xampp\htdocs\smartcity\system\CodeIgniter.php(357): CodeIgniter\CodeIgniter->handleRequest(NULL, Object(Config\Cache), false)
#9 C:\xampp\htdocs\smartcity\public\index.php(45): CodeIgniter\CodeIgniter->run()
#10 C:\xampp\htdocs\smartcity\system\Commands\Server\rewrite.php(35): require_once('C:\\xampp\\htdocs...')
#11 {main}
CRITICAL - 2020-11-09 23:21:49 --> Invalid argument supplied for foreach()
#0 C:\xampp\htdocs\smartcity\app\Views\portal.php(45): CodeIgniter\Debug\Exceptions->errorHandler(2, 'Invalid argumen...', 'C:\\xampp\\htdocs...', 45, Array)
#1 C:\xampp\htdocs\smartcity\system\View\View.php(241): include('C:\\xampp\\htdocs...')
#2 C:\xampp\htdocs\smartcity\system\Common.php(1217): CodeIgniter\View\View->render('portal', Array, true)
#3 C:\xampp\htdocs\smartcity\app\Controllers\User.php(27): view('portal', Array)
#4 C:\xampp\htdocs\smartcity\system\CodeIgniter.php(964): App\Controllers\User->index()
#5 C:\xampp\htdocs\smartcity\system\CodeIgniter.php(449): CodeIgniter\CodeIgniter->runController(Object(App\Controllers\User))
#6 C:\xampp\htdocs\smartcity\system\CodeIgniter.php(357): CodeIgniter\CodeIgniter->handleRequest(NULL, Object(Config\Cache), false)
#7 C:\xampp\htdocs\smartcity\public\index.php(45): CodeIgniter\CodeIgniter->run()
#8 C:\xampp\htdocs\smartcity\system\Commands\Server\rewrite.php(35): require_once('C:\\xampp\\htdocs...')
#9 {main}
ERROR - 2020-11-09 23:28:56 --> mysqli_sql_exception: Unknown column 'modal.gambar_kategori' in 'on clause' in C:\xampp\htdocs\smartcity\system\Database\MySQLi\Connection.php:331
Stack trace:
#0 C:\xampp\htdocs\smartcity\system\Database\MySQLi\Connection.php(331): mysqli->query('SELECT *\nFROM `...')
#1 C:\xampp\htdocs\smartcity\system\Database\BaseConnection.php(724): CodeIgniter\Database\MySQLi\Connection->execute('SELECT *\nFROM `...')
#2 C:\xampp\htdocs\smartcity\system\Database\BaseConnection.php(652): CodeIgniter\Database\BaseConnection->simpleQuery('SELECT *\nFROM `...')
#3 C:\xampp\htdocs\smartcity\system\Database\BaseBuilder.php(1871): CodeIgniter\Database\BaseConnection->query('SELECT *\nFROM `...', Array, false)
#4 C:\xampp\htdocs\smartcity\app\Models\Modeluser.php(15): CodeIgniter\Database\BaseBuilder->get()
#5 C:\xampp\htdocs\smartcity\app\Controllers\User.php(20): App\Models\Modeluser->getSiswa()
#6 C:\xampp\htdocs\smartcity\system\CodeIgniter.php(964): App\Controllers\User->index()
#7 C:\xampp\htdocs\smartcity\system\CodeIgniter.php(449): CodeIgniter\CodeIgniter->runController(Object(App\Controllers\User))
#8 C:\xampp\htdocs\smartcity\system\CodeIgniter.php(357): CodeIgniter\CodeIgniter->handleRequest(NULL, Object(Config\Cache), false)
#9 C:\xampp\htdocs\smartcity\public\index.php(45): CodeIgniter\CodeIgniter->run()
#10 C:\xampp\htdocs\smartcity\system\Commands\Server\rewrite.php(35): require_once('C:\\xampp\\htdocs...')
#11 {main}
